     1                                  bits 32
     2                                  
     3                                  global start        
     4                                  
     5                                  extern exit, fopen, scanf, fprintf, printf, fclose
     6                                  import exit msvcrt.dll
     7                                  import fopen msvcrt.dll
     8                                  import scanf msvcrt.dll
     9                                  import fprintf msvcrt.dll
    10                                  import printf msvcrt.dll
    11                                  import fclose msvcrt.dll
    12                                  
    13                                  ; Se da un nume de fisier (definit in segmentul de date). Sa se creeze un fisier cu numele dat, ; apoi sa se citeasca de la tastatura numere si sa se scrie din valorile citite in fisier
    14                                  ; numerele divizibile cu 7, pana cand se citeste de la tastatura valoarea 0.
    15                                  
    16                                  
    17                                  segment data use32 class=data
    18 00000000 6F75747075742E7478-         fisier db "output.txt", 0
    18 00000009 7400               
    19 0000000B 7700                        mod_access db "w", 0
    20 0000000D <res 00000004>              descriptor resd 1
    21 00000011 53637269653A00              mesaj_pentru_citire db "Scrie:", 0
    22 00000018 <res 00000004>              num resd 1
    23 0000001C 256400                      format db "%d", 0
    24                                      
    25                                  segment code use32 class=code
    26                                      start:
    27                                          
    28 00000000 68[0B000000]                    push dword mod_access
    29 00000005 68[00000000]                    push dword fisier
    30 0000000A FF15[00000000]                  call [fopen]
    31 00000010 83C408                          add esp, 4 * 2
    32                                          
    33 00000013 A3[0D000000]                    mov [descriptor], eax
    34                                          
    35 00000018 83F800                          cmp eax, 0
    36 0000001B 746C                            je eroare_la_citire
    37                                          
    38 0000001D 68[11000000]                    push mesaj_pentru_citire
    39 00000022 FF15[00000000]                  call [printf]
    40 00000028 83C404                          add esp, 4 * 1
    41                                          
    42                                          repeta:
    43 0000002B 68[18000000]                        push dword num
    44 00000030 68[1C000000]                        push dword format
    45 00000035 FF15[00000000]                      call [scanf]
    46 0000003B 83C408                              add esp, 4 * 2
    47                                              
    48 0000003E 833D[18000000]00                    cmp dword[num], 0
    49 00000045 7433                                je cititzero
    50                                              
    51 00000047 66BB0700                            mov bx, 7   
    52                                              
    53 0000004B A1[18000000]                        mov eax, [num]
    54 00000050 50                                  push eax    ; convert eax -> dx:ax
    55 00000051 6658                                pop ax
    56 00000053 665A                                pop dx
    57                                              
    58 00000055 66F7F3                              div bx
    59 00000058 6683FA00                            cmp dx, 0   ; dx:ax % bx -> dx
    60 0000005C 751A                                jne nedivizibil
    61                                              ; if here means it is -> write in file
    62                                              
    63 0000005E FF35[18000000]                      push dword [num]
    64 00000064 68[1C000000]                        push dword format
    65 00000069 FF35[0D000000]                      push dword [descriptor]
    66 0000006F FF15[00000000]                      call [fprintf]
    67 00000075 83C408                              add esp, 4 * 2
    68                                              
    69                                              nedivizibil:
    70 00000078 EBB1                            jmp repeta
    71                                          
    72                                          cititzero:
    73                                          
    74 0000007A FF35[0D000000]                  push dword [descriptor]
    75 00000080 FF15[00000000]                  call [fclose]
    76 00000086 83C404                          add esp, 4 * 1
    77                                          
    78                                          eroare_la_citire:
    79 00000089 6A00                            push    dword 0      
    80 0000008B FF15[00000000]                  call    [exit]       
